<?xml version="1.0" encoding="utf-8"?><testsuites name="pytest tests"><testsuite name="pytest" errors="0" failures="0" skipped="0" tests="13" time="22.976" timestamp="2026-04-09T17:18:25.833051+00:00" hostname="agent-env-17616973-6666-49ba-803b-a98dba3233e6"><testcase classname="backend.tests.test_market_api.TestMarketDataEndpoint" name="test_market_data_returns_valid_json" time="0.202" /><testcase classname="backend.tests.test_market_api.TestMarketDataEndpoint" name="test_market_data_asset_categories" time="0.170" /><testcase classname="backend.tests.test_market_api.TestMarketDataEndpoint" name="test_market_data_technical_indicators" time="0.178" /><testcase classname="backend.tests.test_market_api.TestAssetDetailEndpoint" name="test_asset_detail_returns_valid_data" time="0.282" /><testcase classname="backend.tests.test_market_api.TestAssetDetailEndpoint" name="test_asset_detail_not_found" time="0.117" /><testcase classname="backend.tests.test_market_api.TestHistoricDataEndpoint" name="test_get_historic_data" time="0.105" /><testcase classname="backend.tests.test_market_api.TestHistoricDataEndpoint" name="test_save_historic_snapshot" time="0.312" /><testcase classname="backend.tests.test_market_api.TestHistoricDataEndpoint" name="test_historic_data_persistence" time="0.238" /><testcase classname="backend.tests.test_market_api.TestSettingsEndpoint" name="test_settings_returns_dark_mode" time="0.176" /><testcase classname="backend.tests.test_market_api.TestMarketDataRefresh" name="test_refresh_market_data" time="5.043" /><testcase classname="backend.tests.test_market_api.TestChartAnalysisEndpoint" name="test_analyze_chart_requires_image" time="0.146" /><testcase classname="backend.tests.test_market_api.TestChartAnalysisEndpoint" name="test_analyze_chart_with_valid_image" time="15.776" /><testcase classname="backend.tests.test_market_api.TestSignalDistribution" name="test_signal_values_are_valid" time="0.143" /></testsuite></testsuites>